<?xml version="1.0" encoding="UTF-8"?>
<!-- Generated by org.testng.reporters.JUnitReportReporter -->
<testsuite hostname="SureshBabu" name="primusbank.tests.AdminLoginTest" tests="1" failures="0" timestamp="8 Jan 2020 05:52:35 GMT" time="2.924" errors="0">
  <testcase name="checkAdminLogin" time="2.924" classname="primusbank.tests.AdminLoginTest"/>
</testsuite> <!-- primusbank.tests.AdminLoginTest -->
