<?xml version="1.0" encoding="UTF-8"?>
<!-- Generated by org.testng.reporters.JUnitReportReporter -->
<testsuite hostname="DESKTOP-2MRC259" name="primusbank.tests.LoginTest" tests="2" failures="0" timestamp="3 Jan 2020 05:02:32 GMT" time="0.014" errors="0">
  <testcase name="test2" time="0.001" classname="primusbank.tests.LoginTest"/>
  <testcase name="test1" time="0.013" classname="primusbank.tests.LoginTest"/>
</testsuite> <!-- primusbank.tests.LoginTest -->
